2026-01-15T10:36:34: 
> nexus_web@0.1.0 start
> next start

2026-01-15T10:36:34: 
> nexus_web@0.1.0 start
> next start

2026-01-15T10:36:35: 2026-01-15T10:36:35: 
> nexus_web@0.1.0 start
> next start

2026-01-15T10:36:36: 2026-01-15T10:36:37: 
> nexus_web@0.1.0 start
> next start

2026-01-15T10:36:37: 2026-01-15T10:36:37: 
> nexus_web@0.1.0 start
> next start

2026-01-15T10:36:38: 2026-01-15T10:36:38: 
> nexus_web@0.1.0 start
> next start

2026-01-15T10:36:39: 2026-01-15T10:36:39: 
> nexus_web@0.1.0 start
> next start

2026-01-15T10:36:40: 2026-01-15T10:36:40: 
> nexus_web@0.1.0 start
> next start

2026-01-15T10:36:41: 2026-01-15T10:36:41: 
> nexus_web@0.1.0 start
> next start

2026-01-15T10:36:42: 2026-01-15T10:36:42: 
> nexus_web@0.1.0 start
> next start

2026-01-15T10:36:43: 2026-01-15T10:36:43: 
> nexus_web@0.1.0 start
> next start

2026-01-15T10:36:44: 2026-01-15T11:02:49: 
> nexus_web@0.1.0 start
> next start

2026-01-15T11:02:49: 
> nexus_web@0.1.0 start
> next start

2026-01-15T11:02:51: 2026-01-15T11:02:51: 2026-01-15T11:02:53: 
> nexus_web@0.1.0 start
> next start

2026-01-15T11:02:53: 
> nexus_web@0.1.0 start
> next start

2026-01-15T11:02:56: 2026-01-15T11:02:56: 2026-01-15T11:02:58: 
> nexus_web@0.1.0 start
> next start

2026-01-15T11:02:58: 
> nexus_web@0.1.0 start
> next start

2026-01-15T11:03:00: 2026-01-15T11:03:00: 2026-01-15T11:03:03: 
> nexus_web@0.1.0 start
> next start

2026-01-15T11:03:03: 
> nexus_web@0.1.0 start
> next start

2026-01-15T11:03:06: 2026-01-15T11:03:07: 2026-01-15T11:03:08: 
> nexus_web@0.1.0 start
> next start

2026-01-15T11:03:08: 
> nexus_web@0.1.0 start
> next start

2026-01-15T11:03:10: 2026-01-15T11:03:10: 2026-01-15T11:03:12: 
> nexus_web@0.1.0 start
> next start

2026-01-15T11:03:12: 
> nexus_web@0.1.0 start
> next start

2026-01-15T11:03:14: 2026-01-15T11:03:15: 2026-01-15T11:03:16: 
> nexus_web@0.1.0 start
> next start

2026-01-15T11:03:17: 
> nexus_web@0.1.0 start
> next start

2026-01-15T11:03:19: 2026-01-15T11:03:19: 2026-01-15T11:03:20: 
> nexus_web@0.1.0 start
> next start

2026-01-15T11:03:21: 
> nexus_web@0.1.0 start
> next start

2026-01-15T11:03:22: 2026-01-15T11:03:23: 2026-01-15T11:03:24: 
> nexus_web@0.1.0 start
> next start

2026-01-15T11:03:25: 
> nexus_web@0.1.0 start
> next start

2026-01-15T11:03:26: 2026-01-15T11:03:27: 2026-01-15T11:03:28: 
> nexus_web@0.1.0 start
> next start

2026-01-15T11:03:28: 
> nexus_web@0.1.0 start
> next start

2026-01-15T11:03:30: 2026-01-15T11:03:31: 2026-01-15T11:16:39: 
> nexus_web@0.1.0 start
> next start

2026-01-15T11:16:39: 
> nexus_web@0.1.0 start
> next start

2026-01-15T11:16:41: 2026-01-15T11:16:42: 2026-01-15T11:16:43: 
> nexus_web@0.1.0 start
> next start

2026-01-15T11:16:43: 
> nexus_web@0.1.0 start
> next start

2026-01-15T11:16:45: 2026-01-15T11:16:45: 2026-01-15T11:16:47: 
> nexus_web@0.1.0 start
> next start

2026-01-15T11:16:47: 
> nexus_web@0.1.0 start
> next start

2026-01-15T11:16:50: 2026-01-15T11:16:50: 2026-01-15T11:16:52: 
> nexus_web@0.1.0 start
> next start

2026-01-15T11:16:53: 
> nexus_web@0.1.0 start
> next start

2026-01-15T11:16:55: 2026-01-15T11:16:55: 2026-01-15T11:16:57: 
> nexus_web@0.1.0 start
> next start

2026-01-15T11:16:57: 
> nexus_web@0.1.0 start
> next start

2026-01-15T11:17:00: 2026-01-15T11:17:00: 2026-01-15T11:17:02: 
> nexus_web@0.1.0 start
> next start

2026-01-15T11:17:03: 
> nexus_web@0.1.0 start
> next start

2026-01-15T11:17:06: 2026-01-15T11:17:06: 2026-01-15T11:17:08: 
> nexus_web@0.1.0 start
> next start

2026-01-15T11:17:08: 
> nexus_web@0.1.0 start
> next start

2026-01-15T11:17:10: 2026-01-15T11:17:10: 2026-01-15T11:17:12: 
> nexus_web@0.1.0 start
> next start

2026-01-15T11:17:12: 
> nexus_web@0.1.0 start
> next start

2026-01-15T11:17:14: 2026-01-15T11:17:15: 2026-01-15T11:17:16: 
> nexus_web@0.1.0 start
> next start

2026-01-15T11:17:16: 
> nexus_web@0.1.0 start
> next start

2026-01-15T11:17:18: 2026-01-15T11:17:19: 2026-01-15T11:17:20: 
> nexus_web@0.1.0 start
> next start

2026-01-15T11:17:21: 
> nexus_web@0.1.0 start
> next start

2026-01-15T11:17:23: 2026-01-15T11:17:23: 2026-01-15T11:17:23: 